{"message":"Bookmarks data accessed","level":"info"}
{"message":"Bookmarks data accessed","level":"info"}
{"message":"Bookmarks data accessed","level":"info"}
{"message":"Bookmarks data accessed","level":"info"}
{"message":"Bookmarks data accessed","level":"info"}
{"message":"Bookmarks data accessed","level":"info"}
{"message":"Bookmarks data accessed","level":"info"}
{"message":"Bookmarks data accessed","level":"info"}
{"message":"Bookmarks data accessed","level":"info"}
{"message":"Bookmarks data accessed","level":"info"}
{"message":"Bookmarks data accessed","level":"info"}
{"message":"Bookmarks data accessed","level":"info"}
{"message":"Bookmarks data accessed","level":"info"}
{"message":"Bookmark with id 4 not found.","level":"error"}
{"message":"Bookmark with id 4 not found.","level":"error"}
{"message":"Unauthorized request received","level":"error"}
{"message":"Unauthorized request received","level":"error"}
{"message":"Bookmarks data accessed","level":"info"}
{"message":"Bookmark with id 1b505b5a-335e-4fd9-bd0b-e60a3795e5f6 created","level":"info"}
{"message":"Bookmarks data accessed","level":"info"}
{"message":"Bookmark with id 1 deleted.","level":"info"}
{"message":"Bookmarks data accessed","level":"info"}
{"message":"Bookmark with id 1 deleted.","level":"info"}
{"message":"Bookmark with id 1 not found.","level":"error"}
{"message":"Bookmarks data accessed","level":"info"}
{"message":"Unauthorized request received","level":"error"}
{"level":"error"}
{"level":"error"}
{"level":"error"}
{"level":"error"}
{"level":"error"}
{"level":"error"}
{"level":"error"}
{"level":"error"}
{"level":"error"}
{"level":"error"}
{"level":"error"}
{"message":"Bookmark was created","level":"info"}
{"message":"Bookmark was created","level":"info"}
{"message":"Bookmark was created","level":"info"}
{"message":"Bookmark was created","level":"info"}
{"message":"Bookmark was created","level":"info"}
{"message":"Bookmark was created","level":"info"}
{"message":"Bookmark was created","level":"info"}
{"message":"Bookmark was created","level":"info"}
{"message":"Bookmark was created","level":"info"}
{"message":"Bookmark was created","level":"info"}
{"message":"Bookmark was created","level":"info"}
{"message":"Bookmark was created","level":"info"}
{"message":"Bookmark was created","level":"info"}
{"message":"Bookmark was created","level":"info"}
{"message":"Title is required","level":"error"}
{"message":"Bookmark was created","level":"info"}
{"message":"Title is required","level":"error"}
{"message":"Bookmark was created","level":"info"}
{"message":"Title is required","level":"error"}
{"level":"error"}
{"level":"error"}
{"level":"error"}
{"level":"error"}
{"level":"error"}
{"level":"error"}
{"level":"error"}
{"level":"error"}
{"level":"error"}
{"level":"error"}
{"level":"error"}
{"level":"error"}
{"level":"error"}
{"level":"error"}
{"level":"error"}
{"level":"error"}
{"level":"error"}
{"level":"error"}
{"level":"error"}
{"level":"error"}
{"level":"error"}
{"message":"Bookmark was created","level":"info"}
{"message":"Title is required","level":"error"}
{"message":"url is required","level":"error"}
{"message":"Bookmark was created","level":"info"}
{"message":"Title is required","level":"error"}
{"message":"Bookmark was created","level":"info"}
{"message":"Bookmark was created","level":"info"}
{"message":"Bookmark was created","level":"info"}
{"message":"Bookmark was created","level":"info"}
{"message":"Bookmark was created","level":"info"}
{"message":"Bookmark was created","level":"info"}
{"message":"Bookmark was created","level":"info"}
{"message":"Bookmark was created","level":"info"}
{"message":"Bookmark was created","level":"info"}
{"message":"Bookmark was created","level":"info"}
{"message":"Bookmark was created","level":"info"}
{"message":"Bookmark was created","level":"info"}
{"message":"Bookmark was created","level":"info"}
{"message":"Bookmark was created","level":"info"}
{"message":"Bookmark was created","level":"info"}
{"level":"error"}
{"message":"Bookmark was created","level":"info"}
{"message":"Bookmark was created","level":"info"}
{"message":"Bookmark was created","level":"info"}
{"message":"Bookmark was created","level":"info"}
{"level":"error"}
{"message":"Bookmark was created","level":"info"}
{"level":"error"}
{"message":"Bookmark was created","level":"info"}
{"level":"error"}
{"message":"Bookmark was created","level":"info"}
{"level":"error"}
{"message":"Bookmark was created","level":"info"}
{"level":"error"}
{"message":"Bookmark was created","level":"info"}
{"level":"error"}
{"level":"error"}
{"message":"Bookmark was created","level":"info"}
{"level":"error"}
{"message":"Bookmark was created","level":"info"}
{"level":"error"}
{"message":"Bookmark was created","level":"info"}
{"level":"error"}
{"message":"Bookmark was created","level":"info"}
{"level":"error"}
{"level":"error"}
{"message":"Bookmark was created","level":"info"}
{"message":"Bookmark was created","level":"info"}
{"message":"Bookmark was created","level":"info"}
{"message":"Bookmark was created","level":"info"}
{"level":"error"}
{"message":"Bookmark was created","level":"info"}
{"level":"error"}
{"message":"Bookmark was created","level":"info"}
{"level":"error"}
{"message":"Bookmark was created","level":"info"}
{"level":"error"}
{"message":"Bookmark was created","level":"info"}
{"level":"error"}
{"level":"error"}
{"message":"Bookmark was created","level":"info"}
{"level":"error"}
{"message":"Bookmark was created","level":"info"}
{"level":"error"}
{"message":"Bookmark was created","level":"info"}
{"name":"error","length":107,"severity":"ERROR","code":"42P01","position":"13","file":"parse_relation.c","line":"1180","routine":"parserOpenTable","level":"error"}
{"message":"Bookmark was created","level":"info"}
{"name":"error","length":107,"severity":"ERROR","code":"42P01","position":"13","file":"parse_relation.c","line":"1180","routine":"parserOpenTable","level":"error"}
{"level":"error"}
{"level":"error"}
{"level":"error"}
{"level":"error"}
{"message":"title is required","level":"error"}
{"message":"url is required","level":"error"}
{"message":"description is required","level":"error"}
{"message":"rating is required","level":"error"}
{"level":"error"}
{"level":"error"}
{"message":"Bookmark was created","level":"info"}
{"name":"error","length":107,"severity":"ERROR","code":"42P01","position":"13","file":"parse_relation.c","line":"1180","routine":"parserOpenTable","level":"error"}
{"level":"error"}
{"level":"error"}
{"message":"Bookmark was created","level":"info"}
{"name":"error","length":107,"severity":"ERROR","code":"42P01","position":"13","file":"parse_relation.c","line":"1180","routine":"parserOpenTable","level":"error"}
{"level":"error"}
{"message":"Bookmark was created","level":"info"}
{"name":"error","length":107,"severity":"ERROR","code":"42P01","position":"13","file":"parse_relation.c","line":"1180","routine":"parserOpenTable","level":"error"}
{"level":"error"}
{"message":"Bookmark was created","level":"info"}
{"name":"error","length":107,"severity":"ERROR","code":"42P01","position":"13","file":"parse_relation.c","line":"1180","routine":"parserOpenTable","level":"error"}
{"level":"error"}
{"message":"Bookmark was created","level":"info"}
{"level":"error"}
{"message":"Bookmark was created","level":"info"}
{"level":"error"}
{"message":"Bookmark was created","level":"info"}
{"level":"error"}
{"message":"Bookmark was created","level":"info"}
{"level":"error"}
{"message":"Bookmark was created","level":"info"}
{"level":"error"}
{"level":"error"}
{"message":"Bookmark was created","level":"info"}
{"message":"Unauthorized request received","level":"error"}
{"message":"Unauthorized request received","level":"error"}
{"message":"Unauthorized request received","level":"error"}
{"message":"Unauthorized request received","level":"error"}
{"message":"Unauthorized request received","level":"error"}
{"message":"Unauthorized request received","level":"error"}
{"message":"Unauthorized request received","level":"error"}
{"message":"Unauthorized request received","level":"error"}
{"message":"Unauthorized request received","level":"error"}
{"message":"Unauthorized request received","level":"error"}
{"message":"Unauthorized request received","level":"error"}
{"message":"Unauthorized request received","level":"error"}
{"message":"Unauthorized request received","level":"error"}
{"message":"Unauthorized request received","level":"error"}
{"message":"Unauthorized request received","level":"error"}
{"message":"Unauthorized request received","level":"error"}
{"message":"Unauthorized request received","level":"error"}
{"message":"Unauthorized request received","level":"error"}
{"message":"Unauthorized request received","level":"error"}
{"message":"Unauthorized request received","level":"error"}
{"message":"Unauthorized request received","level":"error"}
{"message":"Unauthorized request received","level":"error"}
{"message":"Unauthorized request received","level":"error"}
{"message":"Unauthorized request received","level":"error"}
{"message":"Unauthorized request received","level":"error"}
{"message":"Unauthorized request received","level":"error"}
{"message":"Unauthorized request received","level":"error"}
{"message":"Unauthorized request received","level":"error"}
{"message":"Unauthorized request received","level":"error"}
{"message":"Unauthorized request received","level":"error"}
{"message":"Unauthorized request received","level":"error"}
{"message":"Unauthorized request received","level":"error"}
{"message":"Unauthorized request received","level":"error"}
{"message":"Unauthorized request received","level":"error"}
{"message":"Unauthorized request received","level":"error"}
{"message":"Unauthorized request received","level":"error"}
{"message":"Unauthorized request received","level":"error"}
{"message":"Unauthorized request received","level":"error"}
{"message":"Unauthorized request received","level":"error"}
{"message":"Unauthorized request received","level":"error"}
{"message":"Unauthorized request received","level":"error"}
{"message":"Unauthorized request received","level":"error"}
{"message":"Bookmark was created","level":"info"}
{"message":"Unauthorized request received","level":"error"}
{"message":"Unauthorized request received","level":"error"}
{"message":"Unauthorized request received","level":"error"}
{"message":"Bookmark was created","level":"info"}
{"message":"Unauthorized request received","level":"error"}
{"message":"Unauthorized request received","level":"error"}
{"message":"Bookmark was created","level":"info"}
